SF:lib\features\authentication\services\google_auth_controller.dart
DA:9,1
DA:10,0
DA:12,1
DA:13,3
DA:14,1
DA:17,1
DA:18,2
DA:19,1
DA:20,1
LF:9
LH:8
end_of_record
SF:lib\screens\base\controllers\base_controller.dart
DA:6,1
DA:7,2
LF:2
LH:2
end_of_record
SF:lib\features\authentication\view_models\auth_view_model.dart
DA:16,0
DA:17,0
DA:19,0
DA:21,0
DA:22,0
DA:25,0
DA:26,0
DA:29,0
DA:30,0
DA:32,0
DA:33,0
DA:34,0
DA:37,0
DA:38,0
DA:39,0
DA:43,0
DA:44,0
DA:49,0
DA:50,0
DA:53,0
DA:55,0
DA:56,0
DA:58,0
DA:59,0
DA:60,0
DA:66,0
DA:69,0
DA:70,0
DA:79,0
DA:84,0
DA:85,0
DA:86,0
DA:87,0
DA:89,0
DA:91,0
DA:94,0
DA:95,0
DA:101,0
DA:102,0
DA:104,0
DA:110,0
DA:111,0
DA:115,0
DA:117,0
DA:118,0
DA:120,0
DA:121,0
DA:127,0
DA:131,0
DA:132,0
DA:139,0
DA:140,0
DA:149,0
DA:151,0
DA:152,0
DA:153,0
DA:155,0
DA:156,0
DA:163,0
DA:164,0
DA:173,0
DA:175,0
DA:176,0
DA:183,0
DA:184,0
DA:193,0
DA:195,0
DA:196,0
DA:202,0
DA:205,0
DA:206,0
DA:207,0
DA:210,0
DA:211,0
LF:74
LH:0
end_of_record
SF:lib\features\authentication\views\auth\splash_screen.dart
DA:9,1
DA:10,2
DA:11,2
DA:15,1
DA:17,1
DA:19,1
DA:20,1
DA:21,1
DA:22,1
DA:24,1
DA:26,1
DA:32,1
DA:45,1
DA:49,1
DA:50,1
DA:51,1
LF:16
LH:16
end_of_record
SF:lib\features\Settings\UI\contact_support_screen.dart
DA:5,4
DA:7,0
DA:9,0
DA:10,0
LF:4
LH:1
end_of_record
SF:lib\features\Settings\UI\faq_screen.dart
DA:6,4
DA:8,0
DA:10,0
DA:11,0
LF:4
LH:1
end_of_record
SF:lib\features\Settings\UI\help_feedback.dart
DA:9,4
DA:11,0
DA:13,0
DA:14,0
DA:18,0
DA:20,0
DA:22,0
DA:32,0
DA:38,0
DA:44,0
DA:56,0
DA:57,0
DA:60,0
DA:61,0
DA:64,0
DA:65,0
DA:66,0
DA:73,0
DA:74,0
LF:19
LH:1
end_of_record
SF:lib\features\Settings\UI\send_feed_back.dart
DA:6,4
DA:8,0
DA:10,0
DA:12,0
DA:13,0
DA:17,0
DA:19,0
DA:20,0
DA:21,0
DA:24,0
DA:26,0
DA:27,0
DA:30,0
DA:33,0
DA:36,0
DA:37,0
DA:39,0
DA:40,0
DA:44,0
DA:45,0
DA:46,0
DA:52,0
DA:54,0
LF:23
LH:1
end_of_record
SF:lib\features\Settings\UI\settings_page_ui.dart
DA:11,0
DA:13,0
DA:15,0
DA:16,0
DA:23,0
DA:25,0
DA:26,0
DA:27,0
DA:28,0
DA:29,0
DA:40,0
DA:41,0
DA:42,0
DA:45,0
DA:48,0
DA:58,0
DA:62,0
DA:63,0
DA:64,0
DA:65,0
DA:67,0
DA:72,0
DA:73,0
DA:74,0
LF:24
LH:0
end_of_record
SF:lib\features\Settings\view-model\settings_view_model.dart
DA:9,0
DA:11,0
DA:12,0
DA:15,0
DA:16,0
DA:17,0
DA:18,0
LF:7
LH:0
end_of_record
SF:lib\features\authentication\views\auth\change_password.dart
DA:8,0
DA:9,0
DA:22,0
DA:24,0
DA:25,0
DA:26,0
DA:28,0
DA:32,0
DA:34,0
DA:35,0
DA:36,0
DA:37,0
DA:38,0
DA:39,0
DA:41,0
DA:42,0
DA:43,0
DA:44,0
DA:46,0
DA:47,0
DA:48,0
DA:54,0
DA:55,0
DA:56,0
DA:57,0
DA:58,0
DA:60,0
DA:61,0
DA:62,0
DA:63,0
DA:65,0
DA:66,0
DA:67,0
DA:73,0
DA:74,0
DA:75,0
DA:76,0
DA:77,0
DA:79,0
DA:80,0
DA:81,0
DA:82,0
DA:84,0
DA:85,0
DA:86,0
DA:92,0
DA:93,0
DA:94,0
DA:95,0
DA:96,0
DA:97,0
DA:106,0
DA:107,0
DA:108,0
DA:111,0
DA:112,0
DA:113,0
DA:116,0
DA:117,0
DA:118,0
DA:119,0
DA:121,0
DA:123,0
LF:63
LH:0
end_of_record
SF:lib\widgets\border_list_tile.dart
DA:13,0
DA:25,0
DA:27,0
DA:28,0
DA:29,0
DA:30,0
DA:33,0
DA:35,0
DA:36,0
DA:37,0
DA:38,0
DA:39,0
DA:40,0
DA:41,0
DA:42,0
DA:43,0
LF:16
LH:0
end_of_record
SF:lib\features\Settings\service\theme_service.dart
DA:9,0
DA:10,0
DA:13,0
DA:14,0
DA:17,0
DA:18,0
DA:21,0
DA:22,0
DA:23,0
LF:9
LH:0
end_of_record
SF:lib\features\authentication\services\firebase_auth_service.dart
DA:13,0
DA:14,0
DA:16,0
DA:18,0
DA:20,0
DA:25,0
DA:26,0
DA:27,0
DA:28,0
DA:31,0
DA:32,0
DA:34,0
DA:40,0
DA:41,0
DA:47,0
DA:48,0
DA:54,0
DA:55,0
DA:58,0
DA:59,0
DA:60,0
DA:61,0
DA:62,0
DA:65,0
DA:66,0
DA:70,0
DA:71,0
DA:74,0
DA:75,0
DA:76,0
DA:77,0
LF:31
LH:0
end_of_record
SF:lib\features\authentication\views\auth\forgot_password_screen.dart
DA:12,0
DA:14,0
DA:16,0
DA:17,0
DA:21,0
DA:23,0
DA:25,0
DA:32,0
DA:33,0
DA:40,0
DA:41,0
DA:45,0
DA:46,0
DA:47,0
DA:48,0
DA:49,0
DA:51,0
LF:17
LH:0
end_of_record
SF:lib\screens\end_drawer\views\app_drawer.dart
DA:8,0
DA:12,0
DA:14,0
DA:15,0
DA:17,0
DA:40,0
DA:43,0
DA:44,0
DA:48,0
DA:51,0
DA:52,0
DA:56,0
DA:59,0
DA:60,0
DA:61,0
DA:65,0
DA:68,0
DA:69,0
DA:73,0
DA:76,0
DA:77,0
DA:82,0
DA:85,0
DA:86,0
DA:87,0
DA:88,0
DA:94,0
DA:97,0
DA:98,0
DA:103,0
DA:106,0
DA:107,0
DA:108,0
LF:33
LH:0
end_of_record
SF:lib\screens\testScreen\controllers\test_controller.dart
DA:36,1
DA:38,1
DA:39,1
DA:42,1
DA:43,1
DA:44,1
DA:51,2
DA:52,2
DA:54,2
DA:58,2
DA:59,2
DA:60,4
DA:61,4
DA:66,1
DA:67,2
DA:68,2
DA:69,2
DA:70,2
DA:71,1
DA:72,3
DA:75,2
DA:76,1
DA:77,1
DA:80,3
DA:81,5
DA:83,2
DA:84,0
DA:85,0
DA:87,2
DA:91,2
DA:96,0
DA:97,0
DA:98,0
DA:100,0
DA:101,0
DA:102,0
DA:103,0
DA:104,0
DA:107,0
DA:108,0
DA:109,0
DA:111,0
DA:112,0
DA:113,0
DA:114,0
DA:115,0
DA:117,0
DA:120,0
DA:126,0
DA:127,0
DA:128,0
DA:129,0
DA:130,0
DA:131,0
DA:133,0
DA:134,0
DA:135,0
DA:136,0
DA:137,0
DA:143,0
DA:144,0
DA:146,0
DA:147,0
DA:149,0
DA:152,0
DA:154,0
DA:155,0
DA:157,0
DA:158,0
DA:159,0
DA:160,0
DA:161,0
DA:164,0
DA:165,0
DA:166,0
DA:168,0
DA:169,0
DA:171,0
DA:172,0
DA:173,0
DA:174,0
DA:176,0
DA:177,0
DA:179,0
DA:180,0
DA:186,0
DA:187,0
DA:192,2
DA:193,4
DA:194,2
DA:197,2
DA:198,6
DA:199,2
DA:200,4
DA:201,2
DA:203,2
DA:205,4
DA:206,6
DA:208,6
DA:209,4
DA:213,1
DA:214,1
DA:215,2
DA:217,1
DA:221,2
DA:222,2
DA:223,4
LF:107
LH:48
end_of_record
SF:lib\screens\sessionScreen\controllers\session_controller.dart
DA:15,1
DA:17,1
DA:18,1
DA:21,1
DA:23,3
DA:24,1
DA:26,1
DA:29,0
DA:37,1
DA:38,1
DA:39,1
DA:41,2
DA:42,2
DA:43,1
DA:44,2
DA:45,2
DA:52,0
DA:53,0
DA:54,0
DA:55,0
DA:61,0
DA:62,0
DA:63,0
DA:66,0
DA:67,0
DA:68,0
DA:71,0
DA:72,0
DA:75,0
DA:76,0
DA:78,0
DA:81,0
DA:89,0
DA:90,0
DA:92,0
DA:93,0
DA:94,0
DA:97,0
DA:98,0
DA:99,0
DA:100,0
DA:102,0
DA:103,0
DA:104,0
DA:107,0
DA:108,0
DA:113,0
DA:114,0
LF:48
LH:15
end_of_record
SF:lib\screens\sessionScreen\view_model\session_model.dart
DA:7,1
DA:9,1
DA:10,1
DA:11,3
DA:12,1
DA:13,1
DA:14,1
LF:7
LH:7
end_of_record
SF:lib\screens\sessionScreen\view_model\lesson_model.dart
DA:7,1
DA:14,1
DA:15,1
DA:16,1
DA:17,1
DA:18,1
DA:19,1
LF:7
LH:7
end_of_record
